Using pre-set license
Built from '2020.2/staging' branch; Version is '2020.2.7f1 (c53830e277f1) revision 12924976'; Using compiler version '192528614'; Build Type 'Release'
OS: 'Windows 10 Home; OS build 19042.1237; Version 2009; 64bit' Language: 'en' Physical Memory: 16235 MB
BatchMode: 1, IsHumanControllingUs: 0, StartBugReporterOnCrash: 0, Is64bit: 1, IsPro: 0

 COMMAND LINE ARGUMENTS:
C:\Program Files\Unity\Hub\Editor\2020.2.7f1\Editor\Unity.exe
-adb2
-batchMode
-noUpm
-name
AssetImportWorker0
-projectPath
C:/Users/Alim/Desktop/OYUN ÖĞRENMECE/Unity 2. Tutorial/Prototype 2
-logFile
Logs/AssetImportWorker0.log
-srvPort
61932
Successfully changed project path to: C:/Users/Alim/Desktop/OYUN ÖĞRENMECE/Unity 2. Tutorial/Prototype 2
C:/Users/Alim/Desktop/OYUN ÖĞRENMECE/Unity 2. Tutorial/Prototype 2
Using Asset Import Pipeline V2.
Refreshing native plugins compatible for Editor in 27.25 ms, found 0 plugins.
Preloading 0 native plugins for Editor in 0.00 ms.
Initialize engine version: 2020.2.7f1 (c53830e277f1)
[Subsystems] Discovering subsystems at path C:/Program Files/Unity/Hub/Editor/2020.2.7f1/Editor/Data/Resources/UnitySubsystems
[Subsystems] Discovering subsystems at path C:/Users/Alim/Desktop/OYUN ÖĞRENMECE/Unity 2. Tutorial/Prototype 2/Assets
GfxDevice: creating device client; threaded=0
Direct3D:
    Version:  Direct3D 11.0 [level 11.1]
    Renderer: NVIDIA GeForce GTX 1650 (ID=0x1f91)
    Vendor:   
    VRAM:     3964 MB
    Driver:   30.0.14.9613
Initialize mono
Mono path[0] = 'C:/Program Files/Unity/Hub/Editor/2020.2.7f1/Editor/Data/Managed'
Mono path[1] = 'C:/Program Files/Unity/Hub/Editor/2020.2.7f1/Editor/Data/MonoBleedingEdge/lib/mono/unityjit'
Mono config path = 'C:/Program Files/Unity/Hub/Editor/2020.2.7f1/Editor/Data/MonoBleedingEdge/etc'
Using monoOptions --debugger-agent=transport=dt_socket,embedding=1,server=y,suspend=n,address=127.0.0.1:56228
Begin MonoManager ReloadAssembly
Registering precompiled unity dll's ...
Register platform support module: C:/Program Files/Unity/Hub/Editor/2020.2.7f1/Editor/Data/PlaybackEngines/WebGLSupport/UnityEditor.WebGL.Extensions.dll
Register platform support module: C:/Program Files/Unity/Hub/Editor/2020.2.7f1/Editor/Data/PlaybackEngines/WindowsStandaloneSupport/UnityEditor.WindowsStandalone.Extensions.dll
Registered in 0.002479 seconds.
Native extension for WindowsStandalone target not found
Native extension for WebGL target not found
Refreshing native plugins compatible for Editor in 26.80 ms, found 0 plugins.
Preloading 0 native plugins for Editor in 0.00 ms.
Invoked RoslynAnalysisRunner static constructor.
RoslynAnalysisRunner will not be running.
RoslynAnalysisRunner has terminated.
Mono: successfully reloaded assembly
- Completed reload, in  2.202 seconds
Platform modules already initialized, skipping
Registering precompiled user dll's ...
Registered in 0.000752 seconds.
Begin MonoManager ReloadAssembly
Native extension for WindowsStandalone target not found
Native extension for WebGL target not found
Refreshing native plugins compatible for Editor in 0.28 ms, found 0 plugins.
Preloading 0 native plugins for Editor in 0.00 ms.
Invoked RoslynAnalysisRunner static constructor.
RoslynAnalysisRunner will not be running.
RoslynAnalysisRunner has terminated.
Mono: successfully reloaded assembly
- Completed reload, in  0.855 seconds
Platform modules already initialized, skipping
========================================================================
Worker process is ready to serve import requests
Launched and connected shader compiler UnityShaderCompiler.exe after 0.05 seconds
Refreshing native plugins compatible for Editor in 0.20 ms, found 0 plugins.
Preloading 0 native plugins for Editor in 0.00 ms.
Unloading 1125 Unused Serialized files (Serialized files now loaded: 0)
System memory in use before: 57.7 MB.
System memory in use after: 57.8 MB.

Unloading 10 unused Assets to reduce memory usage. Loaded Objects now: 1569.
Total: 2.217500 ms (FindLiveObjects: 0.148400 ms CreateObjectMapping: 0.053100 ms MarkObjects: 1.943900 ms  DeleteObjects: 0.070800 ms)

========================================================================
Received Import Request.
  path: Assets/Prefabs/Slider Canvas.prefab
  artifactKey: Guid(3280fa46a7b4a1645ae30c784088b852) Importer(815301076,1909f56bfc062723c751e8b465ee728b)
Start importing Assets/Prefabs/Slider Canvas.prefab using Guid(3280fa46a7b4a1645ae30c784088b852) Importer(815301076,1909f56bfc062723c751e8b465ee728b)  -> (artifact id: '6eff5cce1f009766bba8447f4a2a270d') in 0.063856 seconds
  Import took 0.067614 seconds .

========================================================================
Received Import Request.
  Time since last request: 12.909683 seconds.
  path: Assets/Prefabs/Slider Canvas.prefab
  artifactKey: Guid(3280fa46a7b4a1645ae30c784088b852) Importer(815301076,1909f56bfc062723c751e8b465ee728b)
Start importing Assets/Prefabs/Slider Canvas.prefab using Guid(3280fa46a7b4a1645ae30c784088b852) Importer(815301076,1909f56bfc062723c751e8b465ee728b)  -> (artifact id: '323af0511c4523fdcdef81afac6a9159') in 0.005330 seconds
  Import took 0.007495 seconds .

========================================================================
Received Import Request.
  Time since last request: 23.976993 seconds.
  path: Assets/Prefabs/Slider Canvas.prefab
  artifactKey: Guid(3280fa46a7b4a1645ae30c784088b852) Importer(815301076,1909f56bfc062723c751e8b465ee728b)
Start importing Assets/Prefabs/Slider Canvas.prefab using Guid(3280fa46a7b4a1645ae30c784088b852) Importer(815301076,1909f56bfc062723c751e8b465ee728b)  -> (artifact id: '153f227f7430ee273b18b32284003b45') in 0.005446 seconds
  Import took 0.007456 seconds .

========================================================================
Received Import Request.
  Time since last request: 14.957305 seconds.
  path: Assets/Prefabs/Slider Canvas.prefab
  artifactKey: Guid(3280fa46a7b4a1645ae30c784088b852) Importer(815301076,1909f56bfc062723c751e8b465ee728b)
Start importing Assets/Prefabs/Slider Canvas.prefab using Guid(3280fa46a7b4a1645ae30c784088b852) Importer(815301076,1909f56bfc062723c751e8b465ee728b)  -> (artifact id: '99283f03e013d6ebfd890ec4059b84ea') in 0.003805 seconds
  Import took 0.005524 seconds .

========================================================================
Received Import Request.
  Time since last request: 0.000410 seconds.
  path: Assets/Prefabs/Slider Canvas.prefab
  artifactKey: Guid(3280fa46a7b4a1645ae30c784088b852) Importer(815301076,1909f56bfc062723c751e8b465ee728b)
Start importing Assets/Prefabs/Slider Canvas.prefab using Guid(3280fa46a7b4a1645ae30c784088b852) Importer(815301076,1909f56bfc062723c751e8b465ee728b)  -> (artifact id: '99283f03e013d6ebfd890ec4059b84ea') in 0.003957 seconds
  Import took 0.005697 seconds .

========================================================================
Received Import Request.
  Time since last request: 88.309230 seconds.
  path: Assets/Prefabs/Slider Canvas.prefab
  artifactKey: Guid(3280fa46a7b4a1645ae30c784088b852) Importer(815301076,1909f56bfc062723c751e8b465ee728b)
Start importing Assets/Prefabs/Slider Canvas.prefab using Guid(3280fa46a7b4a1645ae30c784088b852) Importer(815301076,1909f56bfc062723c751e8b465ee728b)  -> (artifact id: '55560ad84cc3120d6aac551f932b0d27') in 0.003897 seconds
  Import took 0.005645 seconds .

========================================================================
Received Import Request.
  Time since last request: 0.117871 seconds.
  path: Assets/Prefabs/Slider Canvas.prefab
  artifactKey: Guid(3280fa46a7b4a1645ae30c784088b852) Importer(815301076,1909f56bfc062723c751e8b465ee728b)
Start importing Assets/Prefabs/Slider Canvas.prefab using Guid(3280fa46a7b4a1645ae30c784088b852) Importer(815301076,1909f56bfc062723c751e8b465ee728b)  -> (artifact id: '55c31a64863da15b14e5f9e74102bbfc') in 0.003618 seconds
  Import took 0.005337 seconds .

========================================================================
Received Import Request.
  Time since last request: 12.721029 seconds.
  path: Assets/Prefabs/Animal_Doe_02.prefab
  artifactKey: Guid(80b6c44631a2dbf45ac8ee4b02c50471) Importer(815301076,1909f56bfc062723c751e8b465ee728b)
Start importing Assets/Prefabs/Animal_Doe_02.prefab using Guid(80b6c44631a2dbf45ac8ee4b02c50471) Importer(815301076,1909f56bfc062723c751e8b465ee728b)  -> (artifact id: 'ffacd472fec5611f7290b733ab8b3895') in 0.099355 seconds
  Import took 0.104483 seconds .

========================================================================
Received Import Request.
  Time since last request: 19.918539 seconds.
  path: Assets/Prefabs/Animal_Fox_01.prefab
  artifactKey: Guid(e3245acddde40bf49aa555d6bdc14998) Importer(815301076,1909f56bfc062723c751e8b465ee728b)
Start importing Assets/Prefabs/Animal_Fox_01.prefab using Guid(e3245acddde40bf49aa555d6bdc14998) Importer(815301076,1909f56bfc062723c751e8b465ee728b)  -> (artifact id: '8dbd93d0ae4b707b7b0da0e81403fe7a') in 0.022583 seconds
  Import took 0.025077 seconds .

========================================================================
Received Import Request.
  Time since last request: 22.663673 seconds.
  path: Assets/Prefabs/Animal_Moose_01.prefab
  artifactKey: Guid(72d1e1ec46e639c47a81658b0d9e230e) Importer(815301076,1909f56bfc062723c751e8b465ee728b)
Start importing Assets/Prefabs/Animal_Moose_01.prefab using Guid(72d1e1ec46e639c47a81658b0d9e230e) Importer(815301076,1909f56bfc062723c751e8b465ee728b)  -> (artifact id: '851a20b27f5b402b7777932a4aa3c520') in 0.019470 seconds
  Import took 0.022389 seconds .

========================================================================
Received Import Request.
  Time since last request: 20.105432 seconds.
  path: Assets/Course Library/Scripts/AnimalHunger.cs
  artifactKey: Guid(842403441e71711429a311238723ac6e) Importer(815301076,1909f56bfc062723c751e8b465ee728b)
Start importing Assets/Course Library/Scripts/AnimalHunger.cs using Guid(842403441e71711429a311238723ac6e) Importer(815301076,1909f56bfc062723c751e8b465ee728b)  -> (artifact id: '5933316c3ace2dc991930673dace7253') in 0.013857 seconds
  Import took 0.015834 seconds .

========================================================================
Received Import Request.
  Time since last request: 0.002838 seconds.
  path: Assets/Course Library/Scripts/AnimalHunger.cs
  artifactKey: Guid(842403441e71711429a311238723ac6e) Importer(815301076,1909f56bfc062723c751e8b465ee728b)
Start importing Assets/Course Library/Scripts/AnimalHunger.cs using Guid(842403441e71711429a311238723ac6e) Importer(815301076,1909f56bfc062723c751e8b465ee728b)  -> (artifact id: '5933316c3ace2dc991930673dace7253') in 0.003298 seconds
  Import took 0.005858 seconds .

========================================================================
Received Import Request.
  Time since last request: 92.943513 seconds.
  path: Assets/Course Library/Scripts/DestroyOutOfBounds.cs
  artifactKey: Guid(08b4b8d99e44c464199006c98c804d30) Importer(815301076,1909f56bfc062723c751e8b465ee728b)
Start importing Assets/Course Library/Scripts/DestroyOutOfBounds.cs using Guid(08b4b8d99e44c464199006c98c804d30) Importer(815301076,1909f56bfc062723c751e8b465ee728b)  -> (artifact id: '78b18f0db8c5d7b3f06124c238c4616a') in 0.006713 seconds
  Import took 0.010818 seconds .

========================================================================
Received Import Request.
  Time since last request: 0.591220 seconds.
  path: Assets/Course Library/Scripts/DetectCollisions.cs
  artifactKey: Guid(fa35eeb3fd5ba8c46a186049045ad007) Importer(815301076,1909f56bfc062723c751e8b465ee728b)
Start importing Assets/Course Library/Scripts/DetectCollisions.cs using Guid(fa35eeb3fd5ba8c46a186049045ad007) Importer(815301076,1909f56bfc062723c751e8b465ee728b)  -> (artifact id: '0c1f8af3b7dd2a6f4410d52ee5e7e671') in 0.006806 seconds
  Import took 0.008640 seconds .

========================================================================
Received Prepare
Registering precompiled user dll's ...
Registered in 0.000795 seconds.
Begin MonoManager ReloadAssembly
Native extension for WindowsStandalone target not found
Native extension for WebGL target not found
Refreshing native plugins compatible for Editor in 0.22 ms, found 0 plugins.
Preloading 0 native plugins for Editor in 0.00 ms.
Invoked RoslynAnalysisRunner static constructor.
RoslynAnalysisRunner will not be running.
RoslynAnalysisRunner has terminated.
Mono: successfully reloaded assembly
- Completed reload, in  0.784 seconds
Platform modules already initialized, skipping
Refreshing native plugins compatible for Editor in 0.29 ms, found 0 plugins.
Preloading 0 native plugins for Editor in 0.00 ms.
Unloading 1120 Unused Serialized files (Serialized files now loaded: 0)
System memory in use before: 74.8 MB.
System memory in use after: 74.9 MB.

Unloading 7 unused Assets to reduce memory usage. Loaded Objects now: 1580.
Total: 1.833100 ms (FindLiveObjects: 0.230800 ms CreateObjectMapping: 0.075800 ms MarkObjects: 1.442000 ms  DeleteObjects: 0.082900 ms)

========================================================================
Received Prepare
Registering precompiled user dll's ...
Registered in 0.000950 seconds.
Begin MonoManager ReloadAssembly
Native extension for WindowsStandalone target not found
Native extension for WebGL target not found
Refreshing native plugins compatible for Editor in 0.29 ms, found 0 plugins.
Preloading 0 native plugins for Editor in 0.00 ms.
Invoked RoslynAnalysisRunner static constructor.
RoslynAnalysisRunner will not be running.
RoslynAnalysisRunner has terminated.
Mono: successfully reloaded assembly
- Completed reload, in  1.200 seconds
Platform modules already initialized, skipping
Refreshing native plugins compatible for Editor in 0.34 ms, found 0 plugins.
Preloading 0 native plugins for Editor in 0.00 ms.
Unloading 1120 Unused Serialized files (Serialized files now loaded: 0)
System memory in use before: 74.8 MB.
System memory in use after: 74.9 MB.

Unloading 5 unused Assets to reduce memory usage. Loaded Objects now: 1583.
Total: 2.340200 ms (FindLiveObjects: 0.246700 ms CreateObjectMapping: 0.080600 ms MarkObjects: 1.954700 ms  DeleteObjects: 0.056800 ms)

========================================================================
Received Prepare
Registering precompiled user dll's ...
Registered in 0.000861 seconds.
Begin MonoManager ReloadAssembly
Native extension for WindowsStandalone target not found
Native extension for WebGL target not found
Refreshing native plugins compatible for Editor in 0.24 ms, found 0 plugins.
Preloading 0 native plugins for Editor in 0.00 ms.
Invoked RoslynAnalysisRunner static constructor.
RoslynAnalysisRunner will not be running.
RoslynAnalysisRunner has terminated.
Mono: successfully reloaded assembly
- Completed reload, in  0.867 seconds
Platform modules already initialized, skipping
Refreshing native plugins compatible for Editor in 0.30 ms, found 0 plugins.
Preloading 0 native plugins for Editor in 0.00 ms.
Unloading 1120 Unused Serialized files (Serialized files now loaded: 0)
System memory in use before: 74.9 MB.
System memory in use after: 74.9 MB.

Unloading 5 unused Assets to reduce memory usage. Loaded Objects now: 1586.
Total: 2.109300 ms (FindLiveObjects: 0.159600 ms CreateObjectMapping: 0.043600 ms MarkObjects: 1.857200 ms  DeleteObjects: 0.047500 ms)

========================================================================
Received Prepare
Registering precompiled user dll's ...
Registered in 0.000782 seconds.
Begin MonoManager ReloadAssembly
Native extension for WindowsStandalone target not found
Native extension for WebGL target not found
Refreshing native plugins compatible for Editor in 0.22 ms, found 0 plugins.
Preloading 0 native plugins for Editor in 0.00 ms.
Invoked RoslynAnalysisRunner static constructor.
RoslynAnalysisRunner will not be running.
RoslynAnalysisRunner has terminated.
Mono: successfully reloaded assembly
- Completed reload, in  0.857 seconds
Platform modules already initialized, skipping
Refreshing native plugins compatible for Editor in 0.25 ms, found 0 plugins.
Preloading 0 native plugins for Editor in 0.00 ms.
Unloading 1120 Unused Serialized files (Serialized files now loaded: 0)
System memory in use before: 74.9 MB.
System memory in use after: 74.9 MB.

Unloading 5 unused Assets to reduce memory usage. Loaded Objects now: 1589.
Total: 1.774200 ms (FindLiveObjects: 0.164300 ms CreateObjectMapping: 0.046000 ms MarkObjects: 1.511700 ms  DeleteObjects: 0.051200 ms)

========================================================================
Received Prepare
Registering precompiled user dll's ...
Registered in 0.000792 seconds.
Begin MonoManager ReloadAssembly
Native extension for WindowsStandalone target not found
Native extension for WebGL target not found
Refreshing native plugins compatible for Editor in 0.21 ms, found 0 plugins.
Preloading 0 native plugins for Editor in 0.00 ms.
Invoked RoslynAnalysisRunner static constructor.
RoslynAnalysisRunner will not be running.
RoslynAnalysisRunner has terminated.
Mono: successfully reloaded assembly
- Completed reload, in  0.746 seconds
Platform modules already initialized, skipping
Refreshing native plugins compatible for Editor in 0.26 ms, found 0 plugins.
Preloading 0 native plugins for Editor in 0.00 ms.
Unloading 1120 Unused Serialized files (Serialized files now loaded: 0)
System memory in use before: 74.9 MB.
System memory in use after: 75.0 MB.

Unloading 5 unused Assets to reduce memory usage. Loaded Objects now: 1592.
Total: 2.579300 ms (FindLiveObjects: 0.288000 ms CreateObjectMapping: 0.083200 ms MarkObjects: 2.131400 ms  DeleteObjects: 0.074900 ms)

========================================================================
Received Import Request.
  Time since last request: 2180.235386 seconds.
  path: Assets/Prefabs/Slider Canvas.prefab
  artifactKey: Guid(3280fa46a7b4a1645ae30c784088b852) Importer(815301076,1909f56bfc062723c751e8b465ee728b)
Start importing Assets/Prefabs/Slider Canvas.prefab using Guid(3280fa46a7b4a1645ae30c784088b852) Importer(815301076,1909f56bfc062723c751e8b465ee728b)  -> (artifact id: 'a954f64c50f43c4c3b981e5f7a22acb1') in 0.039457 seconds
  Import took 0.041527 seconds .

========================================================================
Received Import Request.
  Time since last request: 0.122190 seconds.
  path: Assets/Prefabs/Slider Canvas.prefab
  artifactKey: Guid(3280fa46a7b4a1645ae30c784088b852) Importer(815301076,1909f56bfc062723c751e8b465ee728b)
Start importing Assets/Prefabs/Slider Canvas.prefab using Guid(3280fa46a7b4a1645ae30c784088b852) Importer(815301076,1909f56bfc062723c751e8b465ee728b)  -> (artifact id: '99f1cc379871940ea8d32214111e9b12') in 0.003999 seconds
  Import took 0.005880 seconds .

========================================================================
Received Import Request.
  Time since last request: 38.642887 seconds.
  path: Assets/Prefabs/Slider Canvas.prefab
  artifactKey: Guid(3280fa46a7b4a1645ae30c784088b852) Importer(815301076,1909f56bfc062723c751e8b465ee728b)
Start importing Assets/Prefabs/Slider Canvas.prefab using Guid(3280fa46a7b4a1645ae30c784088b852) Importer(815301076,1909f56bfc062723c751e8b465ee728b)  -> (artifact id: '938dad607b4388b2c01d62eb0a5c156b') in 0.004115 seconds
  Import took 0.006300 seconds .

========================================================================
Received Import Request.
  Time since last request: 0.033877 seconds.
  path: Assets/Prefabs/Slider Canvas.prefab
  artifactKey: Guid(3280fa46a7b4a1645ae30c784088b852) Importer(815301076,1909f56bfc062723c751e8b465ee728b)
Start importing Assets/Prefabs/Slider Canvas.prefab using Guid(3280fa46a7b4a1645ae30c784088b852) Importer(815301076,1909f56bfc062723c751e8b465ee728b)  -> (artifact id: '938dad607b4388b2c01d62eb0a5c156b') in 0.004145 seconds
  Import took 0.006528 seconds .

========================================================================
Received Prepare
Registering precompiled user dll's ...
Registered in 0.000912 seconds.
Begin MonoManager ReloadAssembly
Native extension for WindowsStandalone target not found
Native extension for WebGL target not found
Refreshing native plugins compatible for Editor in 0.24 ms, found 0 plugins.
Preloading 0 native plugins for Editor in 0.00 ms.
Invoked RoslynAnalysisRunner static constructor.
RoslynAnalysisRunner will not be running.
RoslynAnalysisRunner has terminated.
Mono: successfully reloaded assembly
- Completed reload, in  0.882 seconds
Platform modules already initialized, skipping
Refreshing native plugins compatible for Editor in 0.21 ms, found 0 plugins.
Preloading 0 native plugins for Editor in 0.00 ms.
Unloading 1120 Unused Serialized files (Serialized files now loaded: 0)
System memory in use before: 74.9 MB.
System memory in use after: 75.0 MB.

Unloading 7 unused Assets to reduce memory usage. Loaded Objects now: 1595.
Total: 1.663500 ms (FindLiveObjects: 0.150900 ms CreateObjectMapping: 0.033900 ms MarkObjects: 1.426000 ms  DeleteObjects: 0.051200 ms)

========================================================================
Received Import Request.
  Time since last request: 77.935821 seconds.
  path: Assets/Prefabs/Animal_Doe_02.prefab
  artifactKey: Guid(80b6c44631a2dbf45ac8ee4b02c50471) Importer(815301076,1909f56bfc062723c751e8b465ee728b)
Start importing Assets/Prefabs/Animal_Doe_02.prefab using Guid(80b6c44631a2dbf45ac8ee4b02c50471) Importer(815301076,1909f56bfc062723c751e8b465ee728b)  -> (artifact id: '7fb4d809d4641c0b145fd46f63193fa7') in 0.087225 seconds
  Import took 0.090038 seconds .

========================================================================
Received Import Request.
  Time since last request: 2.035358 seconds.
  path: Assets/Prefabs/Animal_Fox_01.prefab
  artifactKey: Guid(e3245acddde40bf49aa555d6bdc14998) Importer(815301076,1909f56bfc062723c751e8b465ee728b)
Start importing Assets/Prefabs/Animal_Fox_01.prefab using Guid(e3245acddde40bf49aa555d6bdc14998) Importer(815301076,1909f56bfc062723c751e8b465ee728b)  -> (artifact id: '5e7b285793cedef1b11d5ae8b54e3ec0') in 0.019329 seconds
  Import took 0.022398 seconds .

========================================================================
Received Import Request.
  Time since last request: 7.234964 seconds.
  path: Assets/Prefabs/Animal_Doe_02.prefab
  artifactKey: Guid(80b6c44631a2dbf45ac8ee4b02c50471) Importer(815301076,1909f56bfc062723c751e8b465ee728b)
Start importing Assets/Prefabs/Animal_Doe_02.prefab using Guid(80b6c44631a2dbf45ac8ee4b02c50471) Importer(815301076,1909f56bfc062723c751e8b465ee728b)  -> (artifact id: '118a71c5e644e4d8c6a0b1881bdb3f45') in 0.015192 seconds
  Import took 0.018781 seconds .

========================================================================
Received Import Request.
  Time since last request: 2.099276 seconds.
  path: Assets/Prefabs/Animal_Doe_02.prefab
  artifactKey: Guid(80b6c44631a2dbf45ac8ee4b02c50471) Importer(815301076,1909f56bfc062723c751e8b465ee728b)
Start importing Assets/Prefabs/Animal_Doe_02.prefab using Guid(80b6c44631a2dbf45ac8ee4b02c50471) Importer(815301076,1909f56bfc062723c751e8b465ee728b)  -> (artifact id: '23bebd9eb06d5b6ba7d4e044a33aba54') in 0.016918 seconds
  Import took 0.019826 seconds .

========================================================================
Received Import Request.
  Time since last request: 3.739807 seconds.
  path: Assets/Prefabs/Animal_Moose_01.prefab
  artifactKey: Guid(72d1e1ec46e639c47a81658b0d9e230e) Importer(815301076,1909f56bfc062723c751e8b465ee728b)
Start importing Assets/Prefabs/Animal_Moose_01.prefab using Guid(72d1e1ec46e639c47a81658b0d9e230e) Importer(815301076,1909f56bfc062723c751e8b465ee728b)  -> (artifact id: 'bdbf4ad7d43e98f6f5a8dd51b9b7ef48') in 0.016497 seconds
  Import took 0.019554 seconds .

========================================================================
Received Import Request.
  Time since last request: 4.134535 seconds.
  path: Assets/Prefabs/Animal_Moose_01.prefab
  artifactKey: Guid(72d1e1ec46e639c47a81658b0d9e230e) Importer(815301076,1909f56bfc062723c751e8b465ee728b)
Start importing Assets/Prefabs/Animal_Moose_01.prefab using Guid(72d1e1ec46e639c47a81658b0d9e230e) Importer(815301076,1909f56bfc062723c751e8b465ee728b)  -> (artifact id: '0438d9e65844e7794ee02635e5fe68f1') in 0.016969 seconds
  Import took 0.019881 seconds .

========================================================================
Received Import Request.
  Time since last request: 2.118875 seconds.
  path: Assets/Prefabs/Animal_Moose_01.prefab
  artifactKey: Guid(72d1e1ec46e639c47a81658b0d9e230e) Importer(815301076,1909f56bfc062723c751e8b465ee728b)
Start importing Assets/Prefabs/Animal_Moose_01.prefab using Guid(72d1e1ec46e639c47a81658b0d9e230e) Importer(815301076,1909f56bfc062723c751e8b465ee728b)  -> (artifact id: '0438d9e65844e7794ee02635e5fe68f1') in 0.016226 seconds
  Import took 0.018767 seconds .

========================================================================
Received Prepare
Registering precompiled user dll's ...
Registered in 0.078167 seconds.
Begin MonoManager ReloadAssembly
Native extension for WindowsStandalone target not found
Native extension for WebGL target not found
Refreshing native plugins compatible for Editor in 0.23 ms, found 0 plugins.
Preloading 0 native plugins for Editor in 0.00 ms.
Invoked RoslynAnalysisRunner static constructor.
RoslynAnalysisRunner will not be running.
RoslynAnalysisRunner has terminated.
Mono: successfully reloaded assembly
- Completed reload, in  4.928 seconds
Platform modules already initialized, skipping
Refreshing native plugins compatible for Editor in 0.27 ms, found 0 plugins.
Preloading 0 native plugins for Editor in 0.00 ms.
Unloading 1120 Unused Serialized files (Serialized files now loaded: 0)
System memory in use before: 74.9 MB.
System memory in use after: 75.0 MB.

Unloading 7 unused Assets to reduce memory usage. Loaded Objects now: 1599.
Total: 1.612400 ms (FindLiveObjects: 0.149200 ms CreateObjectMapping: 0.033600 ms MarkObjects: 1.347400 ms  DeleteObjects: 0.081200 ms)

========================================================================
Received Import Request.
  Time since last request: 1781.621719 seconds.
  path: Assets/Prefabs/Animal_Fox_01.prefab
  artifactKey: Guid(e3245acddde40bf49aa555d6bdc14998) Importer(815301076,1909f56bfc062723c751e8b465ee728b)
Start importing Assets/Prefabs/Animal_Fox_01.prefab using Guid(e3245acddde40bf49aa555d6bdc14998) Importer(815301076,1909f56bfc062723c751e8b465ee728b)  -> (artifact id: 'f830f70f608347360f1a87023c19fed5') in 0.101260 seconds
  Import took 0.103900 seconds .

========================================================================
Received Prepare
Registering precompiled user dll's ...
Registered in 0.000798 seconds.
Begin MonoManager ReloadAssembly
Native extension for WindowsStandalone target not found
Native extension for WebGL target not found
Refreshing native plugins compatible for Editor in 0.22 ms, found 0 plugins.
Preloading 0 native plugins for Editor in 0.00 ms.
Invoked RoslynAnalysisRunner static constructor.
RoslynAnalysisRunner will not be running.
RoslynAnalysisRunner has terminated.
Mono: successfully reloaded assembly
- Completed reload, in  0.800 seconds
Platform modules already initialized, skipping
Refreshing native plugins compatible for Editor in 0.23 ms, found 0 plugins.
Preloading 0 native plugins for Editor in 0.00 ms.
Unloading 1120 Unused Serialized files (Serialized files now loaded: 0)
System memory in use before: 75.0 MB.
System memory in use after: 75.0 MB.

Unloading 7 unused Assets to reduce memory usage. Loaded Objects now: 1603.
Total: 1.792000 ms (FindLiveObjects: 0.145100 ms CreateObjectMapping: 0.039400 ms MarkObjects: 1.544700 ms  DeleteObjects: 0.061600 ms)

========================================================================
Received Import Request.
  Time since last request: 10.293346 seconds.
  path: Assets/Prefabs/Animal_Fox_01.prefab
  artifactKey: Guid(e3245acddde40bf49aa555d6bdc14998) Importer(815301076,1909f56bfc062723c751e8b465ee728b)
Start importing Assets/Prefabs/Animal_Fox_01.prefab using Guid(e3245acddde40bf49aa555d6bdc14998) Importer(815301076,1909f56bfc062723c751e8b465ee728b)  -> (artifact id: 'be1012e5111da119d3e50dfe6804c43d') in 0.090341 seconds
  Import took 0.093133 seconds .

========================================================================
Received Prepare
Registering precompiled user dll's ...
Registered in 0.001112 seconds.
Begin MonoManager ReloadAssembly
Native extension for WindowsStandalone target not found
Native extension for WebGL target not found
Refreshing native plugins compatible for Editor in 0.25 ms, found 0 plugins.
Preloading 0 native plugins for Editor in 0.00 ms.
Invoked RoslynAnalysisRunner static constructor.
RoslynAnalysisRunner will not be running.
RoslynAnalysisRunner has terminated.
Mono: successfully reloaded assembly
- Completed reload, in  0.841 seconds
Platform modules already initialized, skipping
Refreshing native plugins compatible for Editor in 0.31 ms, found 0 plugins.
Preloading 0 native plugins for Editor in 0.00 ms.
Unloading 1120 Unused Serialized files (Serialized files now loaded: 0)
System memory in use before: 75.0 MB.
System memory in use after: 75.1 MB.

Unloading 7 unused Assets to reduce memory usage. Loaded Objects now: 1607.
Total: 2.106400 ms (FindLiveObjects: 0.197300 ms CreateObjectMapping: 0.049700 ms MarkObjects: 1.791000 ms  DeleteObjects: 0.067300 ms)

========================================================================
Received Import Request.
  Time since last request: 8.635136 seconds.
  path: Assets/Prefabs/Animal_Moose_01.prefab
  artifactKey: Guid(72d1e1ec46e639c47a81658b0d9e230e) Importer(815301076,1909f56bfc062723c751e8b465ee728b)
Start importing Assets/Prefabs/Animal_Moose_01.prefab using Guid(72d1e1ec46e639c47a81658b0d9e230e) Importer(815301076,1909f56bfc062723c751e8b465ee728b)  -> (artifact id: '83c7a99f64b574a8979b118dc84a0a25') in 0.108883 seconds
  Import took 0.112134 seconds .

========================================================================
Received Import Request.
  Time since last request: 40.735443 seconds.
  path: Assets/Prefabs/Animal_Fox_01.prefab
  artifactKey: Guid(e3245acddde40bf49aa555d6bdc14998) Importer(815301076,1909f56bfc062723c751e8b465ee728b)
Start importing Assets/Prefabs/Animal_Fox_01.prefab using Guid(e3245acddde40bf49aa555d6bdc14998) Importer(815301076,1909f56bfc062723c751e8b465ee728b)  -> (artifact id: 'f3f09b36505b9e22844eb55165d6bfa8') in 0.017538 seconds
  Import took 0.020515 seconds .

========================================================================
Received Prepare
Registering precompiled user dll's ...
Registered in 0.000925 seconds.
Begin MonoManager ReloadAssembly
Native extension for WindowsStandalone target not found
Native extension for WebGL target not found
Refreshing native plugins compatible for Editor in 0.22 ms, found 0 plugins.
Preloading 0 native plugins for Editor in 0.00 ms.
Invoked RoslynAnalysisRunner static constructor.
RoslynAnalysisRunner will not be running.
RoslynAnalysisRunner has terminated.
Mono: successfully reloaded assembly
- Completed reload, in  0.829 seconds
Platform modules already initialized, skipping
Refreshing native plugins compatible for Editor in 0.38 ms, found 0 plugins.
Preloading 0 native plugins for Editor in 0.00 ms.
Unloading 1120 Unused Serialized files (Serialized files now loaded: 0)
System memory in use before: 75.0 MB.
System memory in use after: 75.1 MB.

Unloading 7 unused Assets to reduce memory usage. Loaded Objects now: 1611.
Total: 1.574500 ms (FindLiveObjects: 0.132000 ms CreateObjectMapping: 0.035300 ms MarkObjects: 1.355000 ms  DeleteObjects: 0.051300 ms)

========================================================================
Received Import Request.
  Time since last request: 92.245902 seconds.
  path: Assets/Prefabs/Animal_Fox_01.prefab
  artifactKey: Guid(e3245acddde40bf49aa555d6bdc14998) Importer(815301076,1909f56bfc062723c751e8b465ee728b)
Start importing Assets/Prefabs/Animal_Fox_01.prefab using Guid(e3245acddde40bf49aa555d6bdc14998) Importer(815301076,1909f56bfc062723c751e8b465ee728b)  -> (artifact id: '4f2f369de49ac5724760645889f094d8') in 0.081053 seconds
  Import took 0.084437 seconds .

========================================================================
Received Prepare
Registering precompiled user dll's ...
Registered in 0.000757 seconds.
Begin MonoManager ReloadAssembly
Native extension for WindowsStandalone target not found
Native extension for WebGL target not found
Refreshing native plugins compatible for Editor in 0.23 ms, found 0 plugins.
Preloading 0 native plugins for Editor in 0.00 ms.
Invoked RoslynAnalysisRunner static constructor.
RoslynAnalysisRunner will not be running.
RoslynAnalysisRunner has terminated.
Mono: successfully reloaded assembly
- Completed reload, in  0.811 seconds
Platform modules already initialized, skipping
Refreshing native plugins compatible for Editor in 0.29 ms, found 0 plugins.
Preloading 0 native plugins for Editor in 0.00 ms.
Unloading 1120 Unused Serialized files (Serialized files now loaded: 0)
System memory in use before: 75.0 MB.
System memory in use after: 75.1 MB.

Unloading 7 unused Assets to reduce memory usage. Loaded Objects now: 1615.
Total: 1.846000 ms (FindLiveObjects: 0.239000 ms CreateObjectMapping: 0.053600 ms MarkObjects: 1.506600 ms  DeleteObjects: 0.046100 ms)

========================================================================
Received Import Request.
  Time since last request: 13.880228 seconds.
  path: Assets/Prefabs/Animal_Fox_01.prefab
  artifactKey: Guid(e3245acddde40bf49aa555d6bdc14998) Importer(815301076,1909f56bfc062723c751e8b465ee728b)
Start importing Assets/Prefabs/Animal_Fox_01.prefab using Guid(e3245acddde40bf49aa555d6bdc14998) Importer(815301076,1909f56bfc062723c751e8b465ee728b)  -> (artifact id: 'cd0b9821b3ca4a828d6ae9aabd6c3d85') in 0.063965 seconds
  Import took 0.066839 seconds .

========================================================================
Received Import Request.
  Time since last request: 65.950783 seconds.
  path: Assets/Prefabs/Animal_Fox_01.prefab
  artifactKey: Guid(e3245acddde40bf49aa555d6bdc14998) Importer(815301076,1909f56bfc062723c751e8b465ee728b)
Start importing Assets/Prefabs/Animal_Fox_01.prefab using Guid(e3245acddde40bf49aa555d6bdc14998) Importer(815301076,1909f56bfc062723c751e8b465ee728b)  -> (artifact id: '0fa5a77b36d7e1f82a8a689c56111f78') in 0.032993 seconds
  Import took 0.035778 seconds .

========================================================================
Received Import Request.
  Time since last request: 119.522976 seconds.
  path: Assets/Prefabs/Animal_Doe_02.prefab
  artifactKey: Guid(80b6c44631a2dbf45ac8ee4b02c50471) Importer(815301076,1909f56bfc062723c751e8b465ee728b)
Start importing Assets/Prefabs/Animal_Doe_02.prefab using Guid(80b6c44631a2dbf45ac8ee4b02c50471) Importer(815301076,1909f56bfc062723c751e8b465ee728b)  -> (artifact id: '5d96e137d0b4abb118dfe06610af2b29') in 0.020491 seconds
  Import took 0.022964 seconds .

========================================================================
Received Prepare
Registering precompiled user dll's ...
Registered in 0.000746 seconds.
Begin MonoManager ReloadAssembly
Native extension for WindowsStandalone target not found
Native extension for WebGL target not found
Refreshing native plugins compatible for Editor in 0.21 ms, found 0 plugins.
Preloading 0 native plugins for Editor in 0.00 ms.
Invoked RoslynAnalysisRunner static constructor.
RoslynAnalysisRunner will not be running.
RoslynAnalysisRunner has terminated.
Mono: successfully reloaded assembly
- Completed reload, in  0.787 seconds
Platform modules already initialized, skipping
Refreshing native plugins compatible for Editor in 0.24 ms, found 0 plugins.
Preloading 0 native plugins for Editor in 0.00 ms.
Unloading 1120 Unused Serialized files (Serialized files now loaded: 0)
System memory in use before: 75.0 MB.
System memory in use after: 75.1 MB.

Unloading 7 unused Assets to reduce memory usage. Loaded Objects now: 1619.
Total: 2.149600 ms (FindLiveObjects: 0.261900 ms CreateObjectMapping: 0.083500 ms MarkObjects: 1.743200 ms  DeleteObjects: 0.059800 ms)

========================================================================
Received Import Request.
  Time since last request: 7.032556 seconds.
  path: Assets/Prefabs/Animal_Fox_01.prefab
  artifactKey: Guid(e3245acddde40bf49aa555d6bdc14998) Importer(815301076,1909f56bfc062723c751e8b465ee728b)
Start importing Assets/Prefabs/Animal_Fox_01.prefab using Guid(e3245acddde40bf49aa555d6bdc14998) Importer(815301076,1909f56bfc062723c751e8b465ee728b)  -> (artifact id: 'd2a28b478203feb8370edab8f78918a8') in 0.085037 seconds
  Import took 0.087935 seconds .

========================================================================
Received Import Request.
  Time since last request: 4.734216 seconds.
  path: Assets/Prefabs/Animal_Moose_01.prefab
  artifactKey: Guid(72d1e1ec46e639c47a81658b0d9e230e) Importer(815301076,1909f56bfc062723c751e8b465ee728b)
Start importing Assets/Prefabs/Animal_Moose_01.prefab using Guid(72d1e1ec46e639c47a81658b0d9e230e) Importer(815301076,1909f56bfc062723c751e8b465ee728b)  -> (artifact id: 'bd25ed62c89f6ba15f21ccd65964e1c7') in 0.034718 seconds
  Import took 0.039746 seconds .

========================================================================
Received Import Request.
  Time since last request: 0.005527 seconds.
  path: Assets/Prefabs/Animal_Moose_01.prefab
  artifactKey: Guid(72d1e1ec46e639c47a81658b0d9e230e) Importer(815301076,1909f56bfc062723c751e8b465ee728b)
Start importing Assets/Prefabs/Animal_Moose_01.prefab using Guid(72d1e1ec46e639c47a81658b0d9e230e) Importer(815301076,1909f56bfc062723c751e8b465ee728b)  -> (artifact id: 'bd25ed62c89f6ba15f21ccd65964e1c7') in 0.031823 seconds
  Import took 0.035034 seconds .

========================================================================
Received Import Request.
  Time since last request: 19.370757 seconds.
  path: Assets/Prefabs/Animal_Doe_02.prefab
  artifactKey: Guid(80b6c44631a2dbf45ac8ee4b02c50471) Importer(815301076,1909f56bfc062723c751e8b465ee728b)
Start importing Assets/Prefabs/Animal_Doe_02.prefab using Guid(80b6c44631a2dbf45ac8ee4b02c50471) Importer(815301076,1909f56bfc062723c751e8b465ee728b)  -> (artifact id: '8ee57f3607321f7682575adaf0616daa') in 0.015829 seconds
  Import took 0.018912 seconds .

========================================================================
Received Import Request.
  Time since last request: 6.027278 seconds.
  path: Assets/Prefabs/Animal_Fox_01.prefab
  artifactKey: Guid(e3245acddde40bf49aa555d6bdc14998) Importer(815301076,1909f56bfc062723c751e8b465ee728b)
Start importing Assets/Prefabs/Animal_Fox_01.prefab using Guid(e3245acddde40bf49aa555d6bdc14998) Importer(815301076,1909f56bfc062723c751e8b465ee728b)  -> (artifact id: '86b1d036a19cc498b78218661ab28258') in 0.017242 seconds
  Import took 0.020185 seconds .

========================================================================
Received Import Request.
  Time since last request: 9.488520 seconds.
  path: Assets/Prefabs/Animal_Doe_02.prefab
  artifactKey: Guid(80b6c44631a2dbf45ac8ee4b02c50471) Importer(815301076,1909f56bfc062723c751e8b465ee728b)
Start importing Assets/Prefabs/Animal_Doe_02.prefab using Guid(80b6c44631a2dbf45ac8ee4b02c50471) Importer(815301076,1909f56bfc062723c751e8b465ee728b)  -> (artifact id: 'bf98adc4e5d97a573b2b38094de4be78') in 0.014198 seconds
  Import took 0.016701 seconds .

========================================================================
Received Prepare
Registering precompiled user dll's ...
Registered in 0.000780 seconds.
Begin MonoManager ReloadAssembly
Native extension for WindowsStandalone target not found
Native extension for WebGL target not found
Refreshing native plugins compatible for Editor in 0.22 ms, found 0 plugins.
Preloading 0 native plugins for Editor in 0.00 ms.
Invoked RoslynAnalysisRunner static constructor.
RoslynAnalysisRunner will not be running.
RoslynAnalysisRunner has terminated.
Mono: successfully reloaded assembly
- Completed reload, in  0.830 seconds
Platform modules already initialized, skipping
Refreshing native plugins compatible for Editor in 0.48 ms, found 0 plugins.
Preloading 0 native plugins for Editor in 0.00 ms.
Unloading 1120 Unused Serialized files (Serialized files now loaded: 0)
System memory in use before: 75.0 MB.
System memory in use after: 75.1 MB.

Unloading 7 unused Assets to reduce memory usage. Loaded Objects now: 1623.
Total: 1.982200 ms (FindLiveObjects: 0.151800 ms CreateObjectMapping: 0.037200 ms MarkObjects: 1.739000 ms  DeleteObjects: 0.053100 ms)

========================================================================
Received Prepare
Registering precompiled user dll's ...
Registered in 0.000815 seconds.
Begin MonoManager ReloadAssembly
Native extension for WindowsStandalone target not found
Native extension for WebGL target not found
Refreshing native plugins compatible for Editor in 0.23 ms, found 0 plugins.
Preloading 0 native plugins for Editor in 0.00 ms.
Invoked RoslynAnalysisRunner static constructor.
RoslynAnalysisRunner will not be running.
RoslynAnalysisRunner has terminated.
Mono: successfully reloaded assembly
- Completed reload, in  0.941 seconds
Platform modules already initialized, skipping
Refreshing native plugins compatible for Editor in 0.23 ms, found 0 plugins.
Preloading 0 native plugins for Editor in 0.00 ms.
Unloading 1120 Unused Serialized files (Serialized files now loaded: 0)
System memory in use before: 75.0 MB.
System memory in use after: 75.1 MB.

Unloading 5 unused Assets to reduce memory usage. Loaded Objects now: 1626.
Total: 2.328900 ms (FindLiveObjects: 0.170100 ms CreateObjectMapping: 0.043600 ms MarkObjects: 2.056000 ms  DeleteObjects: 0.057500 ms)

========================================================================
Received Import Request.
  Time since last request: 77.447726 seconds.
  path: Assets/Prefabs/Animal_Doe_02.prefab
  artifactKey: Guid(80b6c44631a2dbf45ac8ee4b02c50471) Importer(815301076,1909f56bfc062723c751e8b465ee728b)
Start importing Assets/Prefabs/Animal_Doe_02.prefab using Guid(80b6c44631a2dbf45ac8ee4b02c50471) Importer(815301076,1909f56bfc062723c751e8b465ee728b)  -> (artifact id: '51f6a803ad404e5e2a3a67bedc476b98') in 0.081369 seconds
  Import took 0.085742 seconds .

========================================================================
Received Import Request.
  Time since last request: 2.950722 seconds.
  path: Assets/Prefabs/Animal_Fox_01.prefab
  artifactKey: Guid(e3245acddde40bf49aa555d6bdc14998) Importer(815301076,1909f56bfc062723c751e8b465ee728b)
Start importing Assets/Prefabs/Animal_Fox_01.prefab using Guid(e3245acddde40bf49aa555d6bdc14998) Importer(815301076,1909f56bfc062723c751e8b465ee728b)  -> (artifact id: 'a682338948a1ae38acd672ed193e2bec') in 0.015054 seconds
  Import took 0.017541 seconds .

========================================================================
Received Prepare
Registering precompiled user dll's ...
Registered in 0.000802 seconds.
Begin MonoManager ReloadAssembly
Native extension for WindowsStandalone target not found
Native extension for WebGL target not found
Refreshing native plugins compatible for Editor in 0.27 ms, found 0 plugins.
Preloading 0 native plugins for Editor in 0.00 ms.
Invoked RoslynAnalysisRunner static constructor.
RoslynAnalysisRunner will not be running.
RoslynAnalysisRunner has terminated.
Mono: successfully reloaded assembly
- Completed reload, in  0.885 seconds
Platform modules already initialized, skipping
Refreshing native plugins compatible for Editor in 0.22 ms, found 0 plugins.
Preloading 0 native plugins for Editor in 0.00 ms.
Unloading 1120 Unused Serialized files (Serialized files now loaded: 0)
System memory in use before: 75.1 MB.
System memory in use after: 75.1 MB.

Unloading 7 unused Assets to reduce memory usage. Loaded Objects now: 1630.
Total: 1.732700 ms (FindLiveObjects: 0.120800 ms CreateObjectMapping: 0.029800 ms MarkObjects: 1.533500 ms  DeleteObjects: 0.047700 ms)

========================================================================
Received Prepare
Registering precompiled user dll's ...
Registered in 0.000800 seconds.
Begin MonoManager ReloadAssembly
Native extension for WindowsStandalone target not found
Native extension for WebGL target not found
Refreshing native plugins compatible for Editor in 0.50 ms, found 0 plugins.
Preloading 0 native plugins for Editor in 0.00 ms.
Invoked RoslynAnalysisRunner static constructor.
RoslynAnalysisRunner will not be running.
RoslynAnalysisRunner has terminated.
Mono: successfully reloaded assembly
- Completed reload, in  0.837 seconds
Platform modules already initialized, skipping
Refreshing native plugins compatible for Editor in 0.21 ms, found 0 plugins.
Preloading 0 native plugins for Editor in 0.00 ms.
Unloading 1120 Unused Serialized files (Serialized files now loaded: 0)
System memory in use before: 75.1 MB.
System memory in use after: 75.1 MB.

Unloading 5 unused Assets to reduce memory usage. Loaded Objects now: 1633.
Total: 2.062500 ms (FindLiveObjects: 0.166200 ms CreateObjectMapping: 0.049700 ms MarkObjects: 1.796800 ms  DeleteObjects: 0.048500 ms)

========================================================================
Received Import Request.
  Time since last request: 63.717757 seconds.
  path: Assets/Prefabs/Animal_Fox_01.prefab
  artifactKey: Guid(e3245acddde40bf49aa555d6bdc14998) Importer(815301076,1909f56bfc062723c751e8b465ee728b)
Start importing Assets/Prefabs/Animal_Fox_01.prefab using Guid(e3245acddde40bf49aa555d6bdc14998) Importer(815301076,1909f56bfc062723c751e8b465ee728b)  -> (artifact id: '4d0a01ea223866b84624b0a7b4e4ac7a') in 0.094984 seconds
  Import took 0.097849 seconds .

========================================================================
Received Import Request.
  Time since last request: 0.163535 seconds.
  path: Assets/Prefabs/Animal_Moose_01.prefab
  artifactKey: Guid(72d1e1ec46e639c47a81658b0d9e230e) Importer(815301076,1909f56bfc062723c751e8b465ee728b)
Start importing Assets/Prefabs/Animal_Moose_01.prefab using Guid(72d1e1ec46e639c47a81658b0d9e230e) Importer(815301076,1909f56bfc062723c751e8b465ee728b)  -> (artifact id: '6b8d5e36616fdc2da7bddd5cba0d249d') in 0.015937 seconds
  Import took 0.019568 seconds .

========================================================================
Received Prepare
Registering precompiled user dll's ...
Registered in 0.000869 seconds.
Begin MonoManager ReloadAssembly
Native extension for WindowsStandalone target not found
Native extension for WebGL target not found
Refreshing native plugins compatible for Editor in 0.24 ms, found 0 plugins.
Preloading 0 native plugins for Editor in 0.00 ms.
Invoked RoslynAnalysisRunner static constructor.
RoslynAnalysisRunner will not be running.
RoslynAnalysisRunner has terminated.
Mono: successfully reloaded assembly
- Completed reload, in  0.837 seconds
Platform modules already initialized, skipping
Refreshing native plugins compatible for Editor in 0.21 ms, found 0 plugins.
Preloading 0 native plugins for Editor in 0.00 ms.
Unloading 1120 Unused Serialized files (Serialized files now loaded: 0)
System memory in use before: 75.1 MB.
System memory in use after: 75.2 MB.

Unloading 7 unused Assets to reduce memory usage. Loaded Objects now: 1637.
Total: 1.643700 ms (FindLiveObjects: 0.114800 ms CreateObjectMapping: 0.030900 ms MarkObjects: 1.452600 ms  DeleteObjects: 0.044700 ms)

========================================================================
Received Prepare
Registering precompiled user dll's ...
Registered in 0.000829 seconds.
Begin MonoManager ReloadAssembly
Native extension for WindowsStandalone target not found
Native extension for WebGL target not found
Refreshing native plugins compatible for Editor in 0.23 ms, found 0 plugins.
Preloading 0 native plugins for Editor in 0.00 ms.
Invoked RoslynAnalysisRunner static constructor.
RoslynAnalysisRunner will not be running.
RoslynAnalysisRunner has terminated.
Mono: successfully reloaded assembly
- Completed reload, in  0.852 seconds
Platform modules already initialized, skipping
Refreshing native plugins compatible for Editor in 0.40 ms, found 0 plugins.
Preloading 0 native plugins for Editor in 0.00 ms.
Unloading 1120 Unused Serialized files (Serialized files now loaded: 0)
System memory in use before: 75.1 MB.
System memory in use after: 75.2 MB.

Unloading 5 unused Assets to reduce memory usage. Loaded Objects now: 1640.
Total: 4.013700 ms (FindLiveObjects: 0.475500 ms CreateObjectMapping: 0.136700 ms MarkObjects: 3.307200 ms  DeleteObjects: 0.092200 ms)

========================================================================
Received Prepare
Registering precompiled user dll's ...
Registered in 0.000750 seconds.
Begin MonoManager ReloadAssembly
Native extension for WindowsStandalone target not found
Native extension for WebGL target not found
Refreshing native plugins compatible for Editor in 0.24 ms, found 0 plugins.
Preloading 0 native plugins for Editor in 0.00 ms.
Invoked RoslynAnalysisRunner static constructor.
RoslynAnalysisRunner will not be running.
RoslynAnalysisRunner has terminated.
Mono: successfully reloaded assembly
- Completed reload, in  0.882 seconds
Platform modules already initialized, skipping
Refreshing native plugins compatible for Editor in 0.23 ms, found 0 plugins.
Preloading 0 native plugins for Editor in 0.00 ms.
Unloading 1120 Unused Serialized files (Serialized files now loaded: 0)
System memory in use before: 75.1 MB.
System memory in use after: 75.2 MB.

Unloading 5 unused Assets to reduce memory usage. Loaded Objects now: 1643.
Total: 2.504800 ms (FindLiveObjects: 0.158700 ms CreateObjectMapping: 0.041600 ms MarkObjects: 2.252800 ms  DeleteObjects: 0.050600 ms)

========================================================================
Received Import Request.
  Time since last request: 75.517444 seconds.
  path: Assets/Prefabs/Animal_Moose_01.prefab
  artifactKey: Guid(72d1e1ec46e639c47a81658b0d9e230e) Importer(815301076,1909f56bfc062723c751e8b465ee728b)
Start importing Assets/Prefabs/Animal_Moose_01.prefab using Guid(72d1e1ec46e639c47a81658b0d9e230e) Importer(815301076,1909f56bfc062723c751e8b465ee728b)  -> (artifact id: 'e2293a11e4e418cf7a6abcb340e277db') in 0.079694 seconds
  Import took 0.082214 seconds .

========================================================================
Received Import Request.
  Time since last request: 14.496782 seconds.
  path: Assets/Prefabs/Animal_Fox_01.prefab
  artifactKey: Guid(e3245acddde40bf49aa555d6bdc14998) Importer(815301076,1909f56bfc062723c751e8b465ee728b)
Start importing Assets/Prefabs/Animal_Fox_01.prefab using Guid(e3245acddde40bf49aa555d6bdc14998) Importer(815301076,1909f56bfc062723c751e8b465ee728b)  -> (artifact id: 'f2d23e164e272e38f46a8a0b7f1ea075') in 0.015462 seconds
  Import took 0.018213 seconds .

========================================================================
Received Import Request.
  Time since last request: 3.478765 seconds.
  path: Assets/Prefabs/Animal_Moose_01.prefab
  artifactKey: Guid(72d1e1ec46e639c47a81658b0d9e230e) Importer(815301076,1909f56bfc062723c751e8b465ee728b)
Start importing Assets/Prefabs/Animal_Moose_01.prefab using Guid(72d1e1ec46e639c47a81658b0d9e230e) Importer(815301076,1909f56bfc062723c751e8b465ee728b)  -> (artifact id: '33b92d85e34bf0262cc25d8e6cb1e9f6') in 0.016537 seconds
  Import took 0.019370 seconds .

========================================================================
Received Prepare
Registering precompiled user dll's ...
Registered in 0.000803 seconds.
Begin MonoManager ReloadAssembly
Native extension for WindowsStandalone target not found
Native extension for WebGL target not found
Refreshing native plugins compatible for Editor in 0.23 ms, found 0 plugins.
Preloading 0 native plugins for Editor in 0.00 ms.
Invoked RoslynAnalysisRunner static constructor.
RoslynAnalysisRunner will not be running.
RoslynAnalysisRunner has terminated.
Mono: successfully reloaded assembly
- Completed reload, in  0.794 seconds
Platform modules already initialized, skipping
Refreshing native plugins compatible for Editor in 0.23 ms, found 0 plugins.
Preloading 0 native plugins for Editor in 0.00 ms.
Unloading 1120 Unused Serialized files (Serialized files now loaded: 0)
System memory in use before: 75.1 MB.
System memory in use after: 75.2 MB.

Unloading 7 unused Assets to reduce memory usage. Loaded Objects now: 1647.
Total: 2.025600 ms (FindLiveObjects: 0.142400 ms CreateObjectMapping: 0.042100 ms MarkObjects: 1.758000 ms  DeleteObjects: 0.082000 ms)

========================================================================
Received Import Request.
  Time since last request: 25.445718 seconds.
  path: Assets/Prefabs/Animal_Moose_01.prefab
  artifactKey: Guid(72d1e1ec46e639c47a81658b0d9e230e) Importer(815301076,1909f56bfc062723c751e8b465ee728b)
Start importing Assets/Prefabs/Animal_Moose_01.prefab using Guid(72d1e1ec46e639c47a81658b0d9e230e) Importer(815301076,1909f56bfc062723c751e8b465ee728b)  -> (artifact id: 'ae5d88d427cb43b664f1b5ec6cdf8d13') in 0.088358 seconds
  Import took 0.092874 seconds .

========================================================================
Received Import Request.
  Time since last request: 1.599560 seconds.
  path: Assets/Prefabs/Animal_Moose_01.prefab
  artifactKey: Guid(72d1e1ec46e639c47a81658b0d9e230e) Importer(815301076,1909f56bfc062723c751e8b465ee728b)
Start importing Assets/Prefabs/Animal_Moose_01.prefab using Guid(72d1e1ec46e639c47a81658b0d9e230e) Importer(815301076,1909f56bfc062723c751e8b465ee728b)  -> (artifact id: 'ae5d88d427cb43b664f1b5ec6cdf8d13') in 0.016553 seconds
  Import took 0.019618 seconds .

========================================================================
Received Prepare
Registering precompiled user dll's ...
Registered in 0.000795 seconds.
Begin MonoManager ReloadAssembly
Native extension for WindowsStandalone target not found
Native extension for WebGL target not found
Refreshing native plugins compatible for Editor in 0.22 ms, found 0 plugins.
Preloading 0 native plugins for Editor in 0.00 ms.
Invoked RoslynAnalysisRunner static constructor.
RoslynAnalysisRunner will not be running.
RoslynAnalysisRunner has terminated.
Mono: successfully reloaded assembly
- Completed reload, in  0.772 seconds
Platform modules already initialized, skipping
Refreshing native plugins compatible for Editor in 0.27 ms, found 0 plugins.
Preloading 0 native plugins for Editor in 0.00 ms.
Unloading 1120 Unused Serialized files (Serialized files now loaded: 0)
System memory in use before: 75.2 MB.
System memory in use after: 75.3 MB.

Unloading 7 unused Assets to reduce memory usage. Loaded Objects now: 1651.
Total: 1.849200 ms (FindLiveObjects: 0.146700 ms CreateObjectMapping: 0.036800 ms MarkObjects: 1.606400 ms  DeleteObjects: 0.058400 ms)

========================================================================
Received Import Request.
  Time since last request: 63.045082 seconds.
  path: Assets/Prefabs/Animal_Moose_01.prefab
  artifactKey: Guid(72d1e1ec46e639c47a81658b0d9e230e) Importer(815301076,1909f56bfc062723c751e8b465ee728b)
Start importing Assets/Prefabs/Animal_Moose_01.prefab using Guid(72d1e1ec46e639c47a81658b0d9e230e) Importer(815301076,1909f56bfc062723c751e8b465ee728b)  -> (artifact id: '030fe331318eb90bf146d65ce3a06013') in 0.082793 seconds
  Import took 0.087265 seconds .

========================================================================
Received Prepare
Registering precompiled user dll's ...
Registered in 0.000826 seconds.
Begin MonoManager ReloadAssembly
Native extension for WindowsStandalone target not found
Native extension for WebGL target not found
Refreshing native plugins compatible for Editor in 0.22 ms, found 0 plugins.
Preloading 0 native plugins for Editor in 0.00 ms.
Invoked RoslynAnalysisRunner static constructor.
RoslynAnalysisRunner will not be running.
RoslynAnalysisRunner has terminated.
Mono: successfully reloaded assembly
- Completed reload, in  0.855 seconds
Platform modules already initialized, skipping
Refreshing native plugins compatible for Editor in 0.20 ms, found 0 plugins.
Preloading 0 native plugins for Editor in 0.00 ms.
Unloading 1120 Unused Serialized files (Serialized files now loaded: 0)
System memory in use before: 75.2 MB.
System memory in use after: 75.3 MB.

Unloading 7 unused Assets to reduce memory usage. Loaded Objects now: 1655.
Total: 1.944600 ms (FindLiveObjects: 0.162200 ms CreateObjectMapping: 0.043700 ms MarkObjects: 1.551100 ms  DeleteObjects: 0.186400 ms)

AssetImportWorkerClient::OnTransportError - code=2 error=End of file
